2020-06-12 10:18:36,188 : INFO : 6552 : 122 : conf. score ofAamir_1.png is:0.988
2020-06-12 10:18:36,278 : INFO : 6641 : 122 : conf. score ofAarthi_86.jpg is:0.991
2020-06-12 10:18:36,327 : INFO : 6691 : 122 : conf. score ofAarthi_86_r.jpg is:0.992
2020-06-12 10:18:36,661 : INFO : 7025 : 122 : conf. score ofAmithab_3.png is:1.0
2020-06-12 10:18:37,543 : INFO : 7906 : 122 : conf. score ofAmithab_3_r.png is:1.0
2020-06-12 10:18:42,774 : INFO : 13137 : 122 : conf. score ofIMG_20200612_090059.jpg is:1.0
2020-06-12 10:18:43,402 : INFO : 13766 : 122 : conf. score ofSalman_1.png is:1.0
2020-06-12 10:18:43,644 : INFO : 14007 : 122 : conf. score ofSharukh_1.jpg is:1.0
2020-06-12 10:18:43,905 : INFO : 14268 : 122 : conf. score ofVikram_6.png is:0.999
06/12/2020 11:58:25 AM conf. score ofAamir_1.png is:0.988
06/12/2020 11:58:25 AM conf. score ofAarthi_86.jpg is:0.991
06/12/2020 11:58:25 AM conf. score ofAarthi_86_r.jpg is:0.992
06/12/2020 11:58:26 AM conf. score ofAmithab_3.png is:1.0
06/12/2020 11:58:27 AM conf. score ofAmithab_3_r.png is:1.0
06/12/2020 11:58:32 AM conf. score ofIMG_20200612_090059.jpg is:1.0
06/12/2020 11:58:32 AM conf. score ofSalman_1.png is:1.0
06/12/2020 11:58:33 AM conf. score ofSharukh_1.jpg is:1.0
06/12/2020 11:58:33 AM conf. score ofVikram_6.png is:0.999
06/12/2020 12:00:15 PM - conf. score of Aamir_1.png is: 0.988
06/12/2020 12:00:15 PM - conf. score of Aarthi_86.jpg is: 0.991
06/12/2020 12:00:15 PM - conf. score of Aarthi_86_r.jpg is: 0.992
06/12/2020 12:00:15 PM - conf. score of Amithab_3.png is: 1.0
06/12/2020 12:00:16 PM - conf. score of Amithab_3_r.png is: 1.0
06/12/2020 12:00:21 PM - conf. score of IMG_20200612_090059.jpg is: 1.0
06/12/2020 12:00:22 PM - conf. score of Salman_1.png is: 1.0
06/12/2020 12:00:22 PM - conf. score of Sharukh_1.jpg is: 1.0
06/12/2020 12:00:22 PM - conf. score of Vikram_6.png is: 0.999
06/12/2020 12:52:49 PM - conf. score of Aamir_1.png is: 0.988
06/12/2020 12:52:49 PM - conf. score of Aarthi_86.jpg is: 0.991
06/12/2020 12:52:49 PM - conf. score of Aarthi_86_r.jpg is: 0.992
06/12/2020 12:52:49 PM - conf. score of Amithab_3.png is: 1.0
06/12/2020 12:52:50 PM - conf. score of Amithab_3_r.png is: 1.0
06/12/2020 12:52:55 PM - conf. score of IMG_20200612_090059.jpg is: 1.0
06/12/2020 12:52:56 PM - conf. score of Salman_1.png is: 1.0
06/12/2020 12:52:56 PM - conf. score of Sharukh_1.jpg is: 1.0
06/12/2020 12:52:56 PM - conf. score of Vikram_6.png is: 0.999
06/12/2020 01:27:38 PM - confidence score of Aamir_1.png is: 0.988
06/12/2020 01:27:39 PM - confidence score of Aarthi_86.jpg is: 0.991
06/12/2020 01:27:39 PM - confidence score of Aarthi_86_r.jpg is: 0.992
06/12/2020 01:27:39 PM - confidence score of Amithab_3.png is: 1.0
06/12/2020 01:27:41 PM - confidence score of Amithab_3_r.png is: 1.0
06/12/2020 01:27:46 PM - confidence score of IMG_20200612_090059.jpg is: 1.0
06/12/2020 01:27:47 PM - confidence score of Salman_1.png is: 1.0
06/12/2020 01:27:47 PM - confidence score of Sharukh_1.jpg is: 1.0
06/12/2020 01:27:48 PM - confidence score of Vikram_6.png is: 0.999
06/12/2020 01:39:13 PM - confidence score of Aamir_1.png is: 0.988 - Time model took to predict - 7708 
06/12/2020 01:39:13 PM - confidence score of Aarthi_86.jpg is: 0.991 - Time model took to predict - 7775 
06/12/2020 01:39:13 PM - confidence score of Aarthi_86_r.jpg is: 0.992 - Time model took to predict - 7811 
06/12/2020 01:39:13 PM - confidence score of Amithab_3.png is: 1.0 - Time model took to predict - 8080 
06/12/2020 01:39:14 PM - confidence score of Amithab_3_r.png is: 1.0 - Time model took to predict - 9023 
06/12/2020 01:39:21 PM - confidence score of IMG_20200612_090059.jpg is: 1.0 - Time model took to predict - 15887 
06/12/2020 01:39:22 PM - confidence score of Salman_1.png is: 1.0 - Time model took to predict - 17126 
06/12/2020 01:39:23 PM - confidence score of Sharukh_1.jpg is: 1.0 - Time model took to predict - 17559 
06/12/2020 01:39:23 PM - confidence score of Vikram_6.png is: 0.999 - Time model took to predict - 18032 
06/12/2020 03:17:50 PM - confidence score of Aamir_1.png is: 0.988 
06/12/2020 03:17:50 PM - confidence score of Aarthi_86.jpg is: 0.991 
06/12/2020 03:17:50 PM - confidence score of Aarthi_86_r.jpg is: 0.992 
06/12/2020 03:17:51 PM - confidence score of Amithab_3.png is: 1.0 
06/12/2020 03:17:52 PM - confidence score of Amithab_3_r.png is: 1.0 
06/12/2020 03:17:57 PM - confidence score of IMG_20200612_090059.jpg is: 1.0 
06/12/2020 03:17:58 PM - confidence score of Salman_1.png is: 1.0 
06/12/2020 03:17:58 PM - confidence score of Sharukh_1.jpg is: 1.0 
06/12/2020 03:17:58 PM - confidence score of Vikram_6.png is: 0.999 
06/13/2020 09:29:24 AM - confidence score of Aamir_1.png is: 0.988 
06/13/2020 09:29:24 AM - confidence score of Aarthi_86.jpg is: 0.991 
06/13/2020 09:29:24 AM - confidence score of Aarthi_86_r.jpg is: 0.992 
06/13/2020 09:29:24 AM - confidence score of Amithab_3.png is: 1.0 
06/13/2020 09:29:25 AM - confidence score of Amithab_3_r.png is: 1.0 
06/13/2020 09:29:25 AM - confidence score of Salman_1.png is: 1.0 
06/13/2020 09:29:25 AM - confidence score of Sharukh_1.jpg is: 1.0 
06/13/2020 09:29:25 AM - confidence score of Vikram_6.png is: 0.999 
